** Daemonized, any open files are closed.  Look at log/mongrel.pid and log/mongrel.log for info.
** Starting Mongrel listening at 0.0.0.0:3000
** Starting Rails with development environment...
/sw/lib/ruby/gems/1.8/gems/activesupport-2.0.2/lib/active_support/dependencies.rb:478:in `const_missing': uninitialized constant ActionController::MimeResponds::Responder::DEFAULT_BLOCKS (NameError)
	from /Users/spiegela/Source/Projects/active_scaffold_extjs/vendor/plugins/minus_mor/init.rb:7:in `evaluate_init_rb'
	from /sw/lib/ruby/gems/1.8/gems/rails-2.0.2/lib/rails/plugin.rb:79:in `evaluate_init_rb'
	from /sw/lib/ruby/gems/1.8/gems/activesupport-2.0.2/lib/active_support/core_ext/kernel/reporting.rb:11:in `silence_warnings'
	from /sw/lib/ruby/gems/1.8/gems/rails-2.0.2/lib/rails/plugin.rb:75:in `evaluate_init_rb'
	from /sw/lib/ruby/gems/1.8/gems/rails-2.0.2/lib/rails/plugin.rb:39:in `load'
	from /sw/lib/ruby/gems/1.8/gems/rails-2.0.2/lib/rails/plugin/loader.rb:33:in `load_plugins'
	from /sw/lib/ruby/gems/1.8/gems/rails-2.0.2/lib/rails/plugin/loader.rb:32:in `each'
	from /sw/lib/ruby/gems/1.8/gems/rails-2.0.2/lib/rails/plugin/loader.rb:32:in `load_plugins'
	 ... 16 levels...
	from /sw/lib/ruby/gems/1.8/gems/mongrel-1.0.1/lib/mongrel/command.rb:211:in `run'
	from /sw/lib/ruby/gems/1.8/gems/mongrel-1.0.1/bin/mongrel_rails:243
	from /sw/bin/mongrel_rails:16:in `load'
	from /sw/bin/mongrel_rails:16
** Daemonized, any open files are closed.  Look at log/mongrel.pid and log/mongrel.log for info.
** Starting Mongrel listening at 0.0.0.0:3000
** Starting Rails with development environment...
** Rails loaded.
** Loading any Rails specific GemPlugins
** Signals ready.  TERM => stop.  USR2 => restart.  INT => stop (no restart).
** Rails signals registered.  HUP => reload (without restart).  It might not work well.
** Mongrel available at 0.0.0.0:3000
** Writing PID file to log/mongrel.pid
** TERM signal received.
